{
  message: 'DB: DATABASE URL: mongodb://localhost:27017/sample_project',
  level: 'info',
  timestamp: '2021-08-10T11:07:14.164Z',
  label: 'blog-app',
  metadata: {}
}
{
  message: 'INDEX: Database connection initialized.',
  level: 'info',
  timestamp: '2021-08-10T11:07:14.214Z',
  label: 'blog-app',
  metadata: {}
}
{
  message: 'INDEX: Server is running on port: 3000',
  level: 'info',
  timestamp: '2021-08-10T11:07:14.218Z',
  label: 'blog-app',
  metadata: {}
}
{
  message: 'DB: mongo db connection is established',
  level: 'info',
  timestamp: '2021-08-10T11:07:14.265Z',
  label: 'blog-app',
  metadata: {}
}
{
  message: 'DB: DATABASE URL: mongodb://localhost:27017/sample_project',
  level: 'info',
  timestamp: '2021-08-10T11:07:39.575Z',
  label: 'blog-app',
  metadata: {}
}
{
  message: 'INDEX: Database connection initialized.',
  level: 'info',
  timestamp: '2021-08-10T11:07:39.611Z',
  label: 'blog-app',
  metadata: {}
}
{
  message: 'INDEX: Server is running on port: 3000',
  level: 'info',
  timestamp: '2021-08-10T11:07:39.614Z',
  label: 'blog-app',
  metadata: {}
}
{
  message: 'DB: mongo db connection is established',
  level: 'info',
  timestamp: '2021-08-10T11:07:39.643Z',
  label: 'blog-app',
  metadata: {}
}
{
  message: 'DB: DATABASE URL: mongodb://localhost:27017/blog-app-ts',
  level: 'info',
  timestamp: '2021-08-10T11:08:22.625Z',
  label: 'blog-app',
  metadata: {}
}
{
  message: 'INDEX: Database connection initialized.',
  level: 'info',
  timestamp: '2021-08-10T11:08:22.680Z',
  label: 'blog-app',
  metadata: {}
}
{
  message: 'INDEX: Server is running on port: 3000',
  level: 'info',
  timestamp: '2021-08-10T11:08:22.686Z',
  label: 'blog-app',
  metadata: {}
}
{
  message: 'DB: mongo db connection is established',
  level: 'info',
  timestamp: '2021-08-10T11:08:22.725Z',
  label: 'blog-app',
  metadata: {}
}
{
  message: 'DB: DATABASE URL: mongodb://localhost:27017/blog-app-ts',
  level: 'info',
  timestamp: '2021-08-10T11:10:21.057Z',
  label: 'blog-app',
  metadata: {}
}
{
  message: 'INDEX: Database connection initialized.',
  level: 'info',
  timestamp: '2021-08-10T11:10:21.093Z',
  label: 'blog-app',
  metadata: {}
}
{
  message: 'INDEX: Server is running on port: 3000',
  level: 'info',
  timestamp: '2021-08-10T11:10:21.097Z',
  label: 'blog-app',
  metadata: {}
}
{
  message: 'DB: mongo db connection is established',
  level: 'info',
  timestamp: '2021-08-10T11:10:21.126Z',
  label: 'blog-app',
  metadata: {}
}
{
  message: 'DB: DATABASE URL: mongodb://localhost:27017/blog-app-ts',
  level: 'info',
  timestamp: '2021-08-10T11:11:26.690Z',
  label: 'blog-app',
  metadata: {}
}
{
  message: 'INDEX: Database connection initialized.',
  level: 'info',
  timestamp: '2021-08-10T11:11:26.736Z',
  label: 'blog-app',
  metadata: {}
}
{
  message: 'INDEX: Server is running on port: 3000',
  level: 'info',
  timestamp: '2021-08-10T11:11:26.740Z',
  label: 'blog-app',
  metadata: {}
}
{
  message: 'DB: mongo db connection is established',
  level: 'info',
  timestamp: '2021-08-10T11:11:26.783Z',
  label: 'blog-app',
  metadata: {}
}
{
  message: 'DB: DATABASE URL: mongodb://localhost:27017/blog-app-ts',
  level: 'info',
  timestamp: '2021-08-10T11:15:02.612Z',
  label: 'blog-app',
  metadata: {}
}
{
  message: 'INDEX: Database connection initialized.',
  level: 'info',
  timestamp: '2021-08-10T11:15:02.649Z',
  label: 'blog-app',
  metadata: {}
}
{
  message: 'INDEX: Server is running on port: 3000',
  level: 'info',
  timestamp: '2021-08-10T11:15:02.652Z',
  label: 'blog-app',
  metadata: {}
}
{
  message: 'DB: mongo db connection is established',
  level: 'info',
  timestamp: '2021-08-10T11:15:02.684Z',
  label: 'blog-app',
  metadata: {}
}
{
  message: 'storage.user.create: finished with error: MongoError: E11000 duplicate key error collection: blog-app-ts.users index: phone_1 dup key: { phone: 998934820011.0 }',
  level: 'error',
  timestamp: '2021-08-10T11:15:36.039Z',
  label: 'blog-app',
  metadata: {}
}
{
  message: 'DB: DATABASE URL: mongodb://localhost:27017/blog-app-ts',
  level: 'info',
  timestamp: '2021-08-10T11:16:24.228Z',
  label: 'blog-app',
  metadata: {}
}
{
  message: 'INDEX: Database connection initialized.',
  level: 'info',
  timestamp: '2021-08-10T11:16:24.265Z',
  label: 'blog-app',
  metadata: {}
}
{
  message: 'INDEX: Server is running on port: 3000',
  level: 'info',
  timestamp: '2021-08-10T11:16:24.269Z',
  label: 'blog-app',
  metadata: {}
}
{
  message: 'DB: mongo db connection is established',
  level: 'info',
  timestamp: '2021-08-10T11:16:24.297Z',
  label: 'blog-app',
  metadata: {}
}
{
  message: 'storage.user.create: finished with error: MongoError: E11000 duplicate key error collection: blog-app-ts.users index: phone_1 dup key: { phone: 998934820012.0 }',
  level: 'error',
  timestamp: '2021-08-10T11:16:35.779Z',
  label: 'blog-app',
  metadata: {}
}
{
  message: 'DB: DATABASE URL: mongodb://localhost:27017/blog-app-ts',
  level: 'info',
  timestamp: '2021-08-10T11:19:47.930Z',
  label: 'blog-app',
  metadata: {}
}
{
  message: 'INDEX: Database connection initialized.',
  level: 'info',
  timestamp: '2021-08-10T11:19:47.966Z',
  label: 'blog-app',
  metadata: {}
}
{
  message: 'INDEX: Server is running on port: 3000',
  level: 'info',
  timestamp: '2021-08-10T11:19:47.969Z',
  label: 'blog-app',
  metadata: {}
}
{
  message: 'DB: mongo db connection is established',
  level: 'info',
  timestamp: '2021-08-10T11:19:47.996Z',
  label: 'blog-app',
  metadata: {}
}
{
  message: 'DB: DATABASE URL: mongodb://localhost:27017/blog-app-ts',
  level: 'info',
  timestamp: '2021-08-10T11:21:25.955Z',
  label: 'blog-app',
  metadata: {}
}
{
  message: 'INDEX: Database connection initialized.',
  level: 'info',
  timestamp: '2021-08-10T11:21:25.992Z',
  label: 'blog-app',
  metadata: {}
}
{
  message: 'INDEX: Server is running on port: 3000',
  level: 'info',
  timestamp: '2021-08-10T11:21:25.995Z',
  label: 'blog-app',
  metadata: {}
}
{
  message: 'DB: mongo db connection is established',
  level: 'info',
  timestamp: '2021-08-10T11:21:26.022Z',
  label: 'blog-app',
  metadata: {}
}
{
  message: 'DB: DATABASE URL: mongodb://localhost:27017/blog-app-ts',
  level: 'info',
  timestamp: '2021-08-10T11:21:53.919Z',
  label: 'blog-app',
  metadata: {}
}
{
  message: 'INDEX: Database connection initialized.',
  level: 'info',
  timestamp: '2021-08-10T11:21:53.960Z',
  label: 'blog-app',
  metadata: {}
}
{
  message: 'INDEX: Server is running on port: 3000',
  level: 'info',
  timestamp: '2021-08-10T11:21:53.964Z',
  label: 'blog-app',
  metadata: {}
}
{
  message: 'DB: mongo db connection is established',
  level: 'info',
  timestamp: '2021-08-10T11:21:54.024Z',
  label: 'blog-app',
  metadata: {}
}
{
  message: 'DB: DATABASE URL: mongodb://localhost:27017/blog-app-ts',
  level: 'info',
  timestamp: '2021-08-10T11:22:21.230Z',
  label: 'blog-app',
  metadata: {}
}
{
  message: 'INDEX: Database connection initialized.',
  level: 'info',
  timestamp: '2021-08-10T11:22:21.267Z',
  label: 'blog-app',
  metadata: {}
}
{
  message: 'INDEX: Server is running on port: 3000',
  level: 'info',
  timestamp: '2021-08-10T11:22:21.270Z',
  label: 'blog-app',
  metadata: {}
}
{
  message: 'DB: mongo db connection is established',
  level: 'info',
  timestamp: '2021-08-10T11:22:21.298Z',
  label: 'blog-app',
  metadata: {}
}
{
  message: 'DB: DATABASE URL: mongodb://localhost:27017/blog-app-ts',
  level: 'info',
  timestamp: '2021-08-10T11:23:27.864Z',
  label: 'blog-app',
  metadata: {}
}
{
  message: 'INDEX: Database connection initialized.',
  level: 'info',
  timestamp: '2021-08-10T11:23:27.899Z',
  label: 'blog-app',
  metadata: {}
}
{
  message: 'INDEX: Server is running on port: 3000',
  level: 'info',
  timestamp: '2021-08-10T11:23:27.902Z',
  label: 'blog-app',
  metadata: {}
}
{
  message: 'DB: mongo db connection is established',
  level: 'info',
  timestamp: '2021-08-10T11:23:27.930Z',
  label: 'blog-app',
  metadata: {}
}
{
  message: 'DB: DATABASE URL: mongodb://localhost:27017/blog-app-ts',
  level: 'info',
  timestamp: '2021-08-10T11:24:01.129Z',
  label: 'blog-app',
  metadata: {}
}
{
  message: 'INDEX: Database connection initialized.',
  level: 'info',
  timestamp: '2021-08-10T11:24:01.170Z',
  label: 'blog-app',
  metadata: {}
}
{
  message: 'INDEX: Server is running on port: 3000',
  level: 'info',
  timestamp: '2021-08-10T11:24:01.174Z',
  label: 'blog-app',
  metadata: {}
}
{
  message: 'DB: mongo db connection is established',
  level: 'info',
  timestamp: '2021-08-10T11:24:01.201Z',
  label: 'blog-app',
  metadata: {}
}
{
  message: 'DB: DATABASE URL: mongodb://localhost:27017/blog-app-ts',
  level: 'info',
  timestamp: '2021-08-10T11:24:27.396Z',
  label: 'blog-app',
  metadata: {}
}
{
  message: 'INDEX: Database connection initialized.',
  level: 'info',
  timestamp: '2021-08-10T11:24:27.436Z',
  label: 'blog-app',
  metadata: {}
}
{
  message: 'INDEX: Server is running on port: 3000',
  level: 'info',
  timestamp: '2021-08-10T11:24:27.439Z',
  label: 'blog-app',
  metadata: {}
}
{
  message: 'DB: mongo db connection is established',
  level: 'info',
  timestamp: '2021-08-10T11:24:27.467Z',
  label: 'blog-app',
  metadata: {}
}
{
  message: 'DB: DATABASE URL: mongodb://localhost:27017/blog-app-ts',
  level: 'info',
  timestamp: '2021-08-10T11:25:56.222Z',
  label: 'blog-app',
  metadata: {}
}
{
  message: 'INDEX: Database connection initialized.',
  level: 'info',
  timestamp: '2021-08-10T11:25:56.263Z',
  label: 'blog-app',
  metadata: {}
}
{
  message: 'INDEX: Server is running on port: 3000',
  level: 'info',
  timestamp: '2021-08-10T11:25:56.267Z',
  label: 'blog-app',
  metadata: {}
}
{
  message: 'DB: mongo db connection is established',
  level: 'info',
  timestamp: '2021-08-10T11:25:56.298Z',
  label: 'blog-app',
  metadata: {}
}
{
  message: 'DB: DATABASE URL: mongodb://localhost:27017/blog-app-ts',
  level: 'info',
  timestamp: '2021-08-10T11:26:26.729Z',
  label: 'blog-app',
  metadata: {}
}
{
  message: 'INDEX: Database connection initialized.',
  level: 'info',
  timestamp: '2021-08-10T11:26:26.767Z',
  label: 'blog-app',
  metadata: {}
}
{
  message: 'INDEX: Server is running on port: 3000',
  level: 'info',
  timestamp: '2021-08-10T11:26:26.770Z',
  label: 'blog-app',
  metadata: {}
}
{
  message: 'DB: mongo db connection is established',
  level: 'info',
  timestamp: '2021-08-10T11:26:26.804Z',
  label: 'blog-app',
  metadata: {}
}
{
  message: 'DB: DATABASE URL: mongodb://localhost:27017/blog-app-ts',
  level: 'info',
  timestamp: '2021-08-10T11:29:18.073Z',
  label: 'blog-app',
  metadata: {}
}
{
  message: 'INDEX: Database connection initialized.',
  level: 'info',
  timestamp: '2021-08-10T11:29:18.112Z',
  label: 'blog-app',
  metadata: {}
}
{
  message: 'INDEX: Server is running on port: 3000',
  level: 'info',
  timestamp: '2021-08-10T11:29:18.116Z',
  label: 'blog-app',
  metadata: {}
}
{
  message: 'DB: mongo db connection is established',
  level: 'info',
  timestamp: '2021-08-10T11:29:18.143Z',
  label: 'blog-app',
  metadata: {}
}
{
  message: 'DB: DATABASE URL: mongodb://localhost:27017/blog-app-ts',
  level: 'info',
  timestamp: '2021-08-10T11:30:09.861Z',
  label: 'blog-app',
  metadata: {}
}
{
  message: 'INDEX: Database connection initialized.',
  level: 'info',
  timestamp: '2021-08-10T11:30:09.901Z',
  label: 'blog-app',
  metadata: {}
}
{
  message: 'INDEX: Server is running on port: 3000',
  level: 'info',
  timestamp: '2021-08-10T11:30:09.905Z',
  label: 'blog-app',
  metadata: {}
}
{
  message: 'DB: mongo db connection is established',
  level: 'info',
  timestamp: '2021-08-10T11:30:09.933Z',
  label: 'blog-app',
  metadata: {}
}
{
  message: 'DB: DATABASE URL: mongodb://localhost:27017/blog-app-ts',
  level: 'info',
  timestamp: '2021-08-10T11:30:28.921Z',
  label: 'blog-app',
  metadata: {}
}
{
  message: 'INDEX: Database connection initialized.',
  level: 'info',
  timestamp: '2021-08-10T11:30:28.957Z',
  label: 'blog-app',
  metadata: {}
}
{
  message: 'INDEX: Server is running on port: 3000',
  level: 'info',
  timestamp: '2021-08-10T11:30:28.962Z',
  label: 'blog-app',
  metadata: {}
}
{
  message: 'DB: mongo db connection is established',
  level: 'info',
  timestamp: '2021-08-10T11:30:28.988Z',
  label: 'blog-app',
  metadata: {}
}
{
  message: 'DB: DATABASE URL: mongodb://localhost:27017/blog-app-ts',
  level: 'info',
  timestamp: '2021-08-10T11:31:21.887Z',
  label: 'blog-app',
  metadata: {}
}
{
  message: 'INDEX: Database connection initialized.',
  level: 'info',
  timestamp: '2021-08-10T11:31:21.924Z',
  label: 'blog-app',
  metadata: {}
}
{
  message: 'INDEX: Server is running on port: 3000',
  level: 'info',
  timestamp: '2021-08-10T11:31:21.928Z',
  label: 'blog-app',
  metadata: {}
}
{
  message: 'DB: mongo db connection is established',
  level: 'info',
  timestamp: '2021-08-10T11:31:21.967Z',
  label: 'blog-app',
  metadata: {}
}
{
  message: 'storage.user.create: finished with error: ValidationError: lastName: Path `lastName` is required., firstName: Path `firstName` is required.',
  level: 'error',
  timestamp: '2021-08-10T11:31:40.737Z',
  label: 'blog-app',
  metadata: {}
}
{
  message: 'storage.user.create: finished with error: ValidationError: lastName: Path `lastName` is required., firstName: Path `firstName` is required.',
  level: 'error',
  timestamp: '2021-08-10T11:33:57.483Z',
  label: 'blog-app',
  metadata: {}
}
{
  message: 'DB: DATABASE URL: mongodb://localhost:27017/blog-app-ts',
  level: 'info',
  timestamp: '2021-08-10T11:44:22.048Z',
  label: 'blog-app',
  metadata: {}
}
{
  message: 'INDEX: Database connection initialized.',
  level: 'info',
  timestamp: '2021-08-10T11:44:22.084Z',
  label: 'blog-app',
  metadata: {}
}
{
  message: 'INDEX: Server is running on port: 3000',
  level: 'info',
  timestamp: '2021-08-10T11:44:22.087Z',
  label: 'blog-app',
  metadata: {}
}
{
  message: 'DB: mongo db connection is established',
  level: 'info',
  timestamp: '2021-08-10T11:44:22.182Z',
  label: 'blog-app',
  metadata: {}
}
{
  message: 'DB: DATABASE URL: mongodb://localhost:27017/blog-app-ts',
  level: 'info',
  timestamp: '2021-08-10T11:46:20.320Z',
  label: 'blog-app',
  metadata: {}
}
{
  message: 'INDEX: Database connection initialized.',
  level: 'info',
  timestamp: '2021-08-10T11:46:20.358Z',
  label: 'blog-app',
  metadata: {}
}
{
  message: 'INDEX: Server is running on port: 3000',
  level: 'info',
  timestamp: '2021-08-10T11:46:20.362Z',
  label: 'blog-app',
  metadata: {}
}
{
  message: 'DB: mongo db connection is established',
  level: 'info',
  timestamp: '2021-08-10T11:46:20.392Z',
  label: 'blog-app',
  metadata: {}
}
{
  message: 'storage.user.get failed to findOne',
  level: 'warn',
  timestamp: '2021-08-10T11:46:32.252Z',
  label: 'blog-app',
  metadata: {}
}
{
  message: 'storage.user.findOne: finished with error: Error: Db object is not found',
  level: 'error',
  timestamp: '2021-08-10T11:46:32.253Z',
  label: 'blog-app',
  metadata: {}
}
{
  message: 'DB: DATABASE URL: mongodb://localhost:27017/blog-app-ts',
  level: 'info',
  timestamp: '2021-08-10T11:47:19.261Z',
  label: 'blog-app',
  metadata: {}
}
{
  message: 'INDEX: Database connection initialized.',
  level: 'info',
  timestamp: '2021-08-10T11:47:19.298Z',
  label: 'blog-app',
  metadata: {}
}
{
  message: 'INDEX: Server is running on port: 3000',
  level: 'info',
  timestamp: '2021-08-10T11:47:19.304Z',
  label: 'blog-app',
  metadata: {}
}
{
  message: 'DB: mongo db connection is established',
  level: 'info',
  timestamp: '2021-08-10T11:47:19.342Z',
  label: 'blog-app',
  metadata: {}
}
{
  message: 'DB: DATABASE URL: mongodb://localhost:27017/blog-app-ts',
  level: 'info',
  timestamp: '2021-08-10T11:52:34.776Z',
  label: 'blog-app',
  metadata: {}
}
{
  message: 'INDEX: Database connection initialized.',
  level: 'info',
  timestamp: '2021-08-10T11:52:34.818Z',
  label: 'blog-app',
  metadata: {}
}
{
  message: 'INDEX: Server is running on port: 3000',
  level: 'info',
  timestamp: '2021-08-10T11:52:34.826Z',
  label: 'blog-app',
  metadata: {}
}
{
  message: 'DB: mongo db connection is established',
  level: 'info',
  timestamp: '2021-08-10T11:52:34.859Z',
  label: 'blog-app',
  metadata: {}
}
{
  message: 'DB: DATABASE URL: mongodb://localhost:27017/blog-app-ts',
  level: 'info',
  timestamp: '2021-08-10T11:54:10.131Z',
  label: 'blog-app',
  metadata: {}
}
{
  message: 'INDEX: Database connection initialized.',
  level: 'info',
  timestamp: '2021-08-10T11:54:10.179Z',
  label: 'blog-app',
  metadata: {}
}
{
  message: 'INDEX: Server is running on port: 3000',
  level: 'info',
  timestamp: '2021-08-10T11:54:10.184Z',
  label: 'blog-app',
  metadata: {}
}
{
  message: 'DB: mongo db connection is established',
  level: 'info',
  timestamp: '2021-08-10T11:54:10.225Z',
  label: 'blog-app',
  metadata: {}
}
{
  message: 'DB: DATABASE URL: mongodb://localhost:27017/blog-app-ts',
  level: 'info',
  timestamp: '2021-08-10T12:07:32.363Z',
  label: 'blog-app',
  metadata: {}
}
{
  message: 'INDEX: Database connection initialized.',
  level: 'info',
  timestamp: '2021-08-10T12:07:32.403Z',
  label: 'blog-app',
  metadata: {}
}
{
  message: 'INDEX: Server is running on port: 3000',
  level: 'info',
  timestamp: '2021-08-10T12:07:32.407Z',
  label: 'blog-app',
  metadata: {}
}
{
  message: 'DB: mongo db connection is established',
  level: 'info',
  timestamp: '2021-08-10T12:07:32.445Z',
  label: 'blog-app',
  metadata: {}
}
{
  message: 'DB: DATABASE URL: mongodb://localhost:27017/blog-app-ts',
  level: 'info',
  timestamp: '2021-08-10T12:07:48.434Z',
  label: 'blog-app',
  metadata: {}
}
{
  message: 'INDEX: Database connection initialized.',
  level: 'info',
  timestamp: '2021-08-10T12:07:48.469Z',
  label: 'blog-app',
  metadata: {}
}
{
  message: 'INDEX: Server is running on port: 3000',
  level: 'info',
  timestamp: '2021-08-10T12:07:48.473Z',
  label: 'blog-app',
  metadata: {}
}
{
  message: 'DB: mongo db connection is established',
  level: 'info',
  timestamp: '2021-08-10T12:07:48.511Z',
  label: 'blog-app',
  metadata: {}
}
{
  message: 'storage.user.create: finished with error: MongoError: E11000 duplicate key error collection: blog-app-ts.users index: phone_1 dup key: { phone: 998934820013.0 }',
  level: 'error',
  timestamp: '2021-08-10T12:07:56.002Z',
  label: 'blog-app',
  metadata: {}
}
{
  message: 'DB: DATABASE URL: mongodb://localhost:27017/blog-app-ts',
  level: 'info',
  timestamp: '2021-08-10T12:13:18.006Z',
  label: 'blog-app',
  metadata: {}
}
{
  message: 'INDEX: Database connection initialized.',
  level: 'info',
  timestamp: '2021-08-10T12:13:18.053Z',
  label: 'blog-app',
  metadata: {}
}
{
  message: 'INDEX: Server is running on port: 3000',
  level: 'info',
  timestamp: '2021-08-10T12:13:18.059Z',
  label: 'blog-app',
  metadata: {}
}
{
  message: 'DB: mongo db connection is established',
  level: 'info',
  timestamp: '2021-08-10T12:13:18.114Z',
  label: 'blog-app',
  metadata: {}
}
{
  message: 'DB: DATABASE URL: mongodb://localhost:27017/blog-app-ts',
  level: 'info',
  timestamp: '2021-08-10T12:14:14.789Z',
  label: 'blog-app',
  metadata: {}
}
{
  message: 'INDEX: Database connection initialized.',
  level: 'info',
  timestamp: '2021-08-10T12:14:14.836Z',
  label: 'blog-app',
  metadata: {}
}
{
  message: 'INDEX: Server is running on port: 3000',
  level: 'info',
  timestamp: '2021-08-10T12:14:14.841Z',
  label: 'blog-app',
  metadata: {}
}
{
  message: 'DB: mongo db connection is established',
  level: 'info',
  timestamp: '2021-08-10T12:14:14.880Z',
  label: 'blog-app',
  metadata: {}
}
{
  message: 'storage.user.get failed to findOne',
  level: 'warn',
  timestamp: '2021-08-10T12:14:52.262Z',
  label: 'blog-app',
  metadata: {}
}
{
  message: 'storage.user.findOne: finished with error: Error: Db object is not found',
  level: 'error',
  timestamp: '2021-08-10T12:14:52.263Z',
  label: 'blog-app',
  metadata: {}
}
{
  message: 'storage.user.get failed to findOne',
  level: 'warn',
  timestamp: '2021-08-10T12:14:55.435Z',
  label: 'blog-app',
  metadata: {}
}
{
  message: 'storage.user.findOne: finished with error: Error: Db object is not found',
  level: 'error',
  timestamp: '2021-08-10T12:14:55.436Z',
  label: 'blog-app',
  metadata: {}
}
{
  message: 'storage.user.get failed to findOne',
  level: 'warn',
  timestamp: '2021-08-10T12:15:15.001Z',
  label: 'blog-app',
  metadata: {}
}
{
  message: 'storage.user.findOne: finished with error: Error: Db object is not found',
  level: 'error',
  timestamp: '2021-08-10T12:15:15.001Z',
  label: 'blog-app',
  metadata: {}
}
{
  message: 'storage.user.get failed to findOne',
  level: 'warn',
  timestamp: '2021-08-10T12:15:16.028Z',
  label: 'blog-app',
  metadata: {}
}
{
  message: 'storage.user.findOne: finished with error: Error: Db object is not found',
  level: 'error',
  timestamp: '2021-08-10T12:15:16.029Z',
  label: 'blog-app',
  metadata: {}
}
{
  message: 'storage.user.get failed to findOne',
  level: 'warn',
  timestamp: '2021-08-10T12:15:16.943Z',
  label: 'blog-app',
  metadata: {}
}
{
  message: 'storage.user.findOne: finished with error: Error: Db object is not found',
  level: 'error',
  timestamp: '2021-08-10T12:15:16.943Z',
  label: 'blog-app',
  metadata: {}
}
{
  message: 'storage.user.get failed to findOne',
  level: 'warn',
  timestamp: '2021-08-10T12:15:17.671Z',
  label: 'blog-app',
  metadata: {}
}
{
  message: 'storage.user.findOne: finished with error: Error: Db object is not found',
  level: 'error',
  timestamp: '2021-08-10T12:15:17.672Z',
  label: 'blog-app',
  metadata: {}
}
{
  message: 'storage.user.get failed to findOne',
  level: 'warn',
  timestamp: '2021-08-10T12:15:18.425Z',
  label: 'blog-app',
  metadata: {}
}
{
  message: 'storage.user.findOne: finished with error: Error: Db object is not found',
  level: 'error',
  timestamp: '2021-08-10T12:15:18.426Z',
  label: 'blog-app',
  metadata: {}
}
{
  message: 'storage.user.get failed to findOne',
  level: 'warn',
  timestamp: '2021-08-10T12:15:19.118Z',
  label: 'blog-app',
  metadata: {}
}
{
  message: 'storage.user.findOne: finished with error: Error: Db object is not found',
  level: 'error',
  timestamp: '2021-08-10T12:15:19.118Z',
  label: 'blog-app',
  metadata: {}
}
{
  message: 'storage.user.get failed to findOne',
  level: 'warn',
  timestamp: '2021-08-10T12:15:19.837Z',
  label: 'blog-app',
  metadata: {}
}
{
  message: 'storage.user.findOne: finished with error: Error: Db object is not found',
  level: 'error',
  timestamp: '2021-08-10T12:15:19.837Z',
  label: 'blog-app',
  metadata: {}
}
{
  message: 'storage.user.get failed to findOne',
  level: 'warn',
  timestamp: '2021-08-10T12:16:34.062Z',
  label: 'blog-app',
  metadata: {}
}
{
  message: 'storage.user.findOne: finished with error: Error: Db object is not found',
  level: 'error',
  timestamp: '2021-08-10T12:16:34.063Z',
  label: 'blog-app',
  metadata: {}
}
{
  message: 'storage.user.get failed to findOne',
  level: 'warn',
  timestamp: '2021-08-10T12:16:35.120Z',
  label: 'blog-app',
  metadata: {}
}
{
  message: 'storage.user.findOne: finished with error: Error: Db object is not found',
  level: 'error',
  timestamp: '2021-08-10T12:16:35.120Z',
  label: 'blog-app',
  metadata: {}
}
{
  message: 'DB: DATABASE URL: mongodb://localhost:27017/blog-app-ts',
  level: 'info',
  timestamp: '2021-08-10T12:16:53.578Z',
  label: 'blog-app',
  metadata: {}
}
{
  message: 'INDEX: Database connection initialized.',
  level: 'info',
  timestamp: '2021-08-10T12:16:53.630Z',
  label: 'blog-app',
  metadata: {}
}
{
  message: 'INDEX: Server is running on port: 3000',
  level: 'info',
  timestamp: '2021-08-10T12:16:53.636Z',
  label: 'blog-app',
  metadata: {}
}
{
  message: 'DB: mongo db connection is established',
  level: 'info',
  timestamp: '2021-08-10T12:16:53.684Z',
  label: 'blog-app',
  metadata: {}
}
{
  message: 'DB: DATABASE URL: mongodb://localhost:27017/blog-app-ts',
  level: 'info',
  timestamp: '2021-08-10T12:18:35.988Z',
  label: 'blog-app',
  metadata: {}
}
{
  message: 'INDEX: Database connection initialized.',
  level: 'info',
  timestamp: '2021-08-10T12:18:36.021Z',
  label: 'blog-app',
  metadata: {}
}
{
  message: 'INDEX: Server is running on port: 3000',
  level: 'info',
  timestamp: '2021-08-10T12:18:36.024Z',
  label: 'blog-app',
  metadata: {}
}
{
  message: 'DB: mongo db connection is established',
  level: 'info',
  timestamp: '2021-08-10T12:18:36.053Z',
  label: 'blog-app',
  metadata: {}
}
{
  message: 'DB: DATABASE URL: mongodb://localhost:27017/blog-app-ts',
  level: 'info',
  timestamp: '2021-08-10T12:19:56.182Z',
  label: 'blog-app',
  metadata: {}
}
{
  message: 'INDEX: Database connection initialized.',
  level: 'info',
  timestamp: '2021-08-10T12:19:56.217Z',
  label: 'blog-app',
  metadata: {}
}
{
  message: 'INDEX: Server is running on port: 3000',
  level: 'info',
  timestamp: '2021-08-10T12:19:56.220Z',
  label: 'blog-app',
  metadata: {}
}
{
  message: 'DB: mongo db connection is established',
  level: 'info',
  timestamp: '2021-08-10T12:19:56.266Z',
  label: 'blog-app',
  metadata: {}
}
{
  message: 'DB: DATABASE URL: mongodb://localhost:27017/blog-app-ts',
  level: 'info',
  timestamp: '2021-08-11T12:15:32.111Z',
  label: 'blog-app',
  metadata: {}
}
{
  message: 'INDEX: Database connection initialized.',
  level: 'info',
  timestamp: '2021-08-11T12:15:32.142Z',
  label: 'blog-app',
  metadata: {}
}
{
  message: 'INDEX: Server is running on port: 3000',
  level: 'info',
  timestamp: '2021-08-11T12:15:32.146Z',
  label: 'blog-app',
  metadata: {}
}
{
  message: 'DB: mongo db connection is established',
  level: 'info',
  timestamp: '2021-08-11T12:15:32.186Z',
  label: 'blog-app',
  metadata: {}
}
{
  message: 'DB: DATABASE URL: mongodb://localhost:27017/blog-app-ts',
  level: 'info',
  timestamp: '2021-08-11T12:21:11.701Z',
  label: 'blog-app',
  metadata: {}
}
{
  message: 'INDEX: Database connection initialized.',
  level: 'info',
  timestamp: '2021-08-11T12:21:11.744Z',
  label: 'blog-app',
  metadata: {}
}
{
  message: 'INDEX: Server is running on port: 3000',
  level: 'info',
  timestamp: '2021-08-11T12:21:11.748Z',
  label: 'blog-app',
  metadata: {}
}
{
  message: 'DB: mongo db connection is established',
  level: 'info',
  timestamp: '2021-08-11T12:21:11.785Z',
  label: 'blog-app',
  metadata: {}
}
{
  message: 'DB: DATABASE URL: mongodb://localhost:27017/blog-app-ts',
  level: 'info',
  timestamp: '2021-08-11T12:21:37.255Z',
  label: 'blog-app',
  metadata: {}
}
{
  message: 'INDEX: Database connection initialized.',
  level: 'info',
  timestamp: '2021-08-11T12:21:37.288Z',
  label: 'blog-app',
  metadata: {}
}
{
  message: 'INDEX: Server is running on port: 3000',
  level: 'info',
  timestamp: '2021-08-11T12:21:37.291Z',
  label: 'blog-app',
  metadata: {}
}
{
  message: 'DB: mongo db connection is established',
  level: 'info',
  timestamp: '2021-08-11T12:21:37.320Z',
  label: 'blog-app',
  metadata: {}
}
{
  message: 'DB: DATABASE URL: mongodb://localhost:27017/blog-app-ts',
  level: 'info',
  timestamp: '2021-08-11T12:30:15.523Z',
  label: 'blog-app',
  metadata: {}
}
{
  message: 'INDEX: Database connection initialized.',
  level: 'info',
  timestamp: '2021-08-11T12:30:15.557Z',
  label: 'blog-app',
  metadata: {}
}
{
  message: 'INDEX: Server is running on port: 3000',
  level: 'info',
  timestamp: '2021-08-11T12:30:15.561Z',
  label: 'blog-app',
  metadata: {}
}
{
  message: 'DB: mongo db connection is established',
  level: 'info',
  timestamp: '2021-08-11T12:30:15.590Z',
  label: 'blog-app',
  metadata: {}
}
{
  message: 'DB: DATABASE URL: mongodb://localhost:27017/blog-app-ts',
  level: 'info',
  timestamp: '2021-08-11T12:30:44.219Z',
  label: 'blog-app',
  metadata: {}
}
{
  message: 'INDEX: Database connection initialized.',
  level: 'info',
  timestamp: '2021-08-11T12:30:44.253Z',
  label: 'blog-app',
  metadata: {}
}
{
  message: 'INDEX: Server is running on port: 3000',
  level: 'info',
  timestamp: '2021-08-11T12:30:44.256Z',
  label: 'blog-app',
  metadata: {}
}
{
  message: 'DB: mongo db connection is established',
  level: 'info',
  timestamp: '2021-08-11T12:30:44.289Z',
  label: 'blog-app',
  metadata: {}
}
{
  message: 'DB: DATABASE URL: mongodb://localhost:27017/blog-app-ts',
  level: 'info',
  timestamp: '2021-08-11T12:31:42.870Z',
  label: 'blog-app',
  metadata: {}
}
{
  message: 'INDEX: Database connection initialized.',
  level: 'info',
  timestamp: '2021-08-11T12:31:42.906Z',
  label: 'blog-app',
  metadata: {}
}
{
  message: 'INDEX: Server is running on port: 3000',
  level: 'info',
  timestamp: '2021-08-11T12:31:42.910Z',
  label: 'blog-app',
  metadata: {}
}
{
  message: 'DB: mongo db connection is established',
  level: 'info',
  timestamp: '2021-08-11T12:31:42.950Z',
  label: 'blog-app',
  metadata: {}
}
{
  message: 'DB: DATABASE URL: mongodb://localhost:27017/blog-app-ts',
  level: 'info',
  timestamp: '2021-08-11T12:44:56.273Z',
  label: 'blog-app',
  metadata: {}
}
{
  message: 'INDEX: Database connection initialized.',
  level: 'info',
  timestamp: '2021-08-11T12:44:56.315Z',
  label: 'blog-app',
  metadata: {}
}
{
  message: 'INDEX: Server is running on port: 3000',
  level: 'info',
  timestamp: '2021-08-11T12:44:56.319Z',
  label: 'blog-app',
  metadata: {}
}
{
  message: 'DB: mongo db connection is established',
  level: 'info',
  timestamp: '2021-08-11T12:44:56.369Z',
  label: 'blog-app',
  metadata: {}
}
{
  message: 'DB: DATABASE URL: mongodb://localhost:27017/blog-app-ts',
  level: 'info',
  timestamp: '2021-08-11T12:47:45.895Z',
  label: 'blog-app',
  metadata: {}
}
{
  message: 'INDEX: Database connection initialized.',
  level: 'info',
  timestamp: '2021-08-11T12:47:45.932Z',
  label: 'blog-app',
  metadata: {}
}
{
  message: 'INDEX: Server is running on port: 3000',
  level: 'info',
  timestamp: '2021-08-11T12:47:45.938Z',
  label: 'blog-app',
  metadata: {}
}
{
  message: 'DB: mongo db connection is established',
  level: 'info',
  timestamp: '2021-08-11T12:47:45.987Z',
  label: 'blog-app',
  metadata: {}
}
{
  message: 'DB: DATABASE URL: mongodb://localhost:27017/blog-app-ts',
  level: 'info',
  timestamp: '2021-08-11T12:48:26.716Z',
  label: 'blog-app',
  metadata: {}
}
{
  message: 'INDEX: Database connection initialized.',
  level: 'info',
  timestamp: '2021-08-11T12:48:26.768Z',
  label: 'blog-app',
  metadata: {}
}
{
  message: 'INDEX: Server is running on port: 3000',
  level: 'info',
  timestamp: '2021-08-11T12:48:26.774Z',
  label: 'blog-app',
  metadata: {}
}
{
  message: 'DB: mongo db connection is established',
  level: 'info',
  timestamp: '2021-08-11T12:48:26.833Z',
  label: 'blog-app',
  metadata: {}
}
{
  message: 'DB: DATABASE URL: mongodb://localhost:27017/blog-app-ts',
  level: 'info',
  timestamp: '2021-08-11T12:50:18.514Z',
  label: 'blog-app',
  metadata: {}
}
{
  message: 'INDEX: Database connection initialized.',
  level: 'info',
  timestamp: '2021-08-11T12:50:18.546Z',
  label: 'blog-app',
  metadata: {}
}
{
  message: 'INDEX: Server is running on port: 3000',
  level: 'info',
  timestamp: '2021-08-11T12:50:18.550Z',
  label: 'blog-app',
  metadata: {}
}
{
  message: 'DB: mongo db connection is established',
  level: 'info',
  timestamp: '2021-08-11T12:50:18.587Z',
  label: 'blog-app',
  metadata: {}
}
{
  message: 'DB: DATABASE URL: mongodb://localhost:27017/blog-app-ts',
  level: 'info',
  timestamp: '2021-08-11T12:52:46.433Z',
  label: 'blog-app',
  metadata: {}
}
{
  message: 'INDEX: Database connection initialized.',
  level: 'info',
  timestamp: '2021-08-11T12:52:46.468Z',
  label: 'blog-app',
  metadata: {}
}
{
  message: 'INDEX: Server is running on port: 3000',
  level: 'info',
  timestamp: '2021-08-11T12:52:46.472Z',
  label: 'blog-app',
  metadata: {}
}
{
  message: 'DB: mongo db connection is established',
  level: 'info',
  timestamp: '2021-08-11T12:52:46.507Z',
  label: 'blog-app',
  metadata: {}
}
{
  message: 'DB: DATABASE URL: mongodb://localhost:27017/blog-app-ts',
  level: 'info',
  timestamp: '2021-08-11T12:57:05.432Z',
  label: 'blog-app',
  metadata: {}
}
{
  message: 'INDEX: Database connection initialized.',
  level: 'info',
  timestamp: '2021-08-11T12:57:05.465Z',
  label: 'blog-app',
  metadata: {}
}
{
  message: 'INDEX: Server is running on port: 3000',
  level: 'info',
  timestamp: '2021-08-11T12:57:05.468Z',
  label: 'blog-app',
  metadata: {}
}
{
  message: 'DB: mongo db connection is established',
  level: 'info',
  timestamp: '2021-08-11T12:57:05.501Z',
  label: 'blog-app',
  metadata: {}
}
{
  message: 'DB: DATABASE URL: mongodb://localhost:27017/blog-app-ts',
  level: 'info',
  timestamp: '2021-08-11T12:59:06.826Z',
  label: 'blog-app',
  metadata: {}
}
{
  message: 'INDEX: Database connection initialized.',
  level: 'info',
  timestamp: '2021-08-11T12:59:06.862Z',
  label: 'blog-app',
  metadata: {}
}
{
  message: 'INDEX: Server is running on port: 3000',
  level: 'info',
  timestamp: '2021-08-11T12:59:06.867Z',
  label: 'blog-app',
  metadata: {}
}
{
  message: 'DB: mongo db connection is established',
  level: 'info',
  timestamp: '2021-08-11T12:59:06.898Z',
  label: 'blog-app',
  metadata: {}
}
{
  message: 'DB: DATABASE URL: mongodb://localhost:27017/blog-app-ts',
  level: 'info',
  timestamp: '2021-08-11T13:02:16.524Z',
  label: 'blog-app',
  metadata: {}
}
{
  message: 'INDEX: Database connection initialized.',
  level: 'info',
  timestamp: '2021-08-11T13:02:16.555Z',
  label: 'blog-app',
  metadata: {}
}
{
  message: 'INDEX: Server is running on port: 3000',
  level: 'info',
  timestamp: '2021-08-11T13:02:16.559Z',
  label: 'blog-app',
  metadata: {}
}
{
  message: 'DB: mongo db connection is established',
  level: 'info',
  timestamp: '2021-08-11T13:02:16.587Z',
  label: 'blog-app',
  metadata: {}
}
{
  message: 'DB: DATABASE URL: mongodb://localhost:27017/blog-app-ts',
  level: 'info',
  timestamp: '2021-08-11T13:02:54.999Z',
  label: 'blog-app',
  metadata: {}
}
{
  message: 'INDEX: Database connection initialized.',
  level: 'info',
  timestamp: '2021-08-11T13:02:55.029Z',
  label: 'blog-app',
  metadata: {}
}
{
  message: 'INDEX: Server is running on port: 3000',
  level: 'info',
  timestamp: '2021-08-11T13:02:55.033Z',
  label: 'blog-app',
  metadata: {}
}
{
  message: 'DB: mongo db connection is established',
  level: 'info',
  timestamp: '2021-08-11T13:02:55.061Z',
  label: 'blog-app',
  metadata: {}
}
{
  message: 'DB: DATABASE URL: mongodb://localhost:27017/blog-app-ts',
  level: 'info',
  timestamp: '2021-08-11T13:20:30.789Z',
  label: 'blog-app',
  metadata: {}
}
{
  message: 'INDEX: Database connection initialized.',
  level: 'info',
  timestamp: '2021-08-11T13:20:30.824Z',
  label: 'blog-app',
  metadata: {}
}
{
  message: 'INDEX: Server is running on port: 3000',
  level: 'info',
  timestamp: '2021-08-11T13:20:30.827Z',
  label: 'blog-app',
  metadata: {}
}
{
  message: 'DB: mongo db connection is established',
  level: 'info',
  timestamp: '2021-08-11T13:20:30.860Z',
  label: 'blog-app',
  metadata: {}
}
{
  message: 'DB: DATABASE URL: mongodb://localhost:27017/blog-app-ts',
  level: 'info',
  timestamp: '2021-08-11T13:24:14.159Z',
  label: 'blog-app',
  metadata: {}
}
{
  message: 'INDEX: Database connection initialized.',
  level: 'info',
  timestamp: '2021-08-11T13:24:14.190Z',
  label: 'blog-app',
  metadata: {}
}
{
  message: 'INDEX: Server is running on port: 3000',
  level: 'info',
  timestamp: '2021-08-11T13:24:14.193Z',
  label: 'blog-app',
  metadata: {}
}
{
  message: 'DB: mongo db connection is established',
  level: 'info',
  timestamp: '2021-08-11T13:24:14.222Z',
  label: 'blog-app',
  metadata: {}
}
{
  message: 'DB: DATABASE URL: mongodb://localhost:27017/blog-app-ts',
  level: 'info',
  timestamp: '2021-08-11T13:25:02.698Z',
  label: 'blog-app',
  metadata: {}
}
{
  message: 'INDEX: Database connection initialized.',
  level: 'info',
  timestamp: '2021-08-11T13:25:02.735Z',
  label: 'blog-app',
  metadata: {}
}
{
  message: 'INDEX: Server is running on port: 3000',
  level: 'info',
  timestamp: '2021-08-11T13:25:02.739Z',
  label: 'blog-app',
  metadata: {}
}
{
  message: 'DB: mongo db connection is established',
  level: 'info',
  timestamp: '2021-08-11T13:25:02.777Z',
  label: 'blog-app',
  metadata: {}
}
{
  message: 'DB: DATABASE URL: mongodb://localhost:27017/blog-app-ts',
  level: 'info',
  timestamp: '2021-08-11T13:26:38.434Z',
  label: 'blog-app',
  metadata: {}
}
{
  message: 'INDEX: Database connection initialized.',
  level: 'info',
  timestamp: '2021-08-11T13:26:38.473Z',
  label: 'blog-app',
  metadata: {}
}
{
  message: 'INDEX: Server is running on port: 3000',
  level: 'info',
  timestamp: '2021-08-11T13:26:38.479Z',
  label: 'blog-app',
  metadata: {}
}
{
  message: 'DB: mongo db connection is established',
  level: 'info',
  timestamp: '2021-08-11T13:26:38.518Z',
  label: 'blog-app',
  metadata: {}
}
{
  message: 'DB: DATABASE URL: mongodb://localhost:27017/blog-app-ts',
  level: 'info',
  timestamp: '2021-08-11T13:29:12.102Z',
  label: 'blog-app',
  metadata: {}
}
{
  message: 'INDEX: Database connection initialized.',
  level: 'info',
  timestamp: '2021-08-11T13:29:12.132Z',
  label: 'blog-app',
  metadata: {}
}
{
  message: 'INDEX: Server is running on port: 3000',
  level: 'info',
  timestamp: '2021-08-11T13:29:12.136Z',
  label: 'blog-app',
  metadata: {}
}
{
  message: 'DB: mongo db connection is established',
  level: 'info',
  timestamp: '2021-08-11T13:29:12.170Z',
  label: 'blog-app',
  metadata: {}
}
{
  message: 'DB: DATABASE URL: mongodb://localhost:27017/blog-app-ts',
  level: 'info',
  timestamp: '2021-08-11T13:29:49.845Z',
  label: 'blog-app',
  metadata: {}
}
{
  message: 'INDEX: Database connection initialized.',
  level: 'info',
  timestamp: '2021-08-11T13:29:49.876Z',
  label: 'blog-app',
  metadata: {}
}
{
  message: 'INDEX: Server is running on port: 3000',
  level: 'info',
  timestamp: '2021-08-11T13:29:49.879Z',
  label: 'blog-app',
  metadata: {}
}
{
  message: 'DB: mongo db connection is established',
  level: 'info',
  timestamp: '2021-08-11T13:29:49.908Z',
  label: 'blog-app',
  metadata: {}
}
{
  message: 'DB: DATABASE URL: mongodb://localhost:27017/blog-app-ts',
  level: 'info',
  timestamp: '2021-08-11T13:31:36.592Z',
  label: 'blog-app',
  metadata: {}
}
{
  message: 'INDEX: Database connection initialized.',
  level: 'info',
  timestamp: '2021-08-11T13:31:36.624Z',
  label: 'blog-app',
  metadata: {}
}
{
  message: 'INDEX: Server is running on port: 3000',
  level: 'info',
  timestamp: '2021-08-11T13:31:36.628Z',
  label: 'blog-app',
  metadata: {}
}
{
  message: 'DB: mongo db connection is established',
  level: 'info',
  timestamp: '2021-08-11T13:31:36.660Z',
  label: 'blog-app',
  metadata: {}
}
{
  message: 'DB: DATABASE URL: mongodb://localhost:27017/blog-app-ts',
  level: 'info',
  timestamp: '2021-08-11T13:32:18.415Z',
  label: 'blog-app',
  metadata: {}
}
{
  message: 'INDEX: Database connection initialized.',
  level: 'info',
  timestamp: '2021-08-11T13:32:18.449Z',
  label: 'blog-app',
  metadata: {}
}
{
  message: 'INDEX: Server is running on port: 3000',
  level: 'info',
  timestamp: '2021-08-11T13:32:18.453Z',
  label: 'blog-app',
  metadata: {}
}
{
  message: 'DB: mongo db connection is established',
  level: 'info',
  timestamp: '2021-08-11T13:32:18.487Z',
  label: 'blog-app',
  metadata: {}
}
{
  message: 'DB: DATABASE URL: mongodb://localhost:27017/blog-app-ts',
  level: 'info',
  timestamp: '2021-08-11T13:33:26.883Z',
  label: 'blog-app',
  metadata: {}
}
{
  message: 'INDEX: Database connection initialized.',
  level: 'info',
  timestamp: '2021-08-11T13:33:26.915Z',
  label: 'blog-app',
  metadata: {}
}
{
  message: 'INDEX: Server is running on port: 3000',
  level: 'info',
  timestamp: '2021-08-11T13:33:26.918Z',
  label: 'blog-app',
  metadata: {}
}
{
  message: 'DB: mongo db connection is established',
  level: 'info',
  timestamp: '2021-08-11T13:33:26.949Z',
  label: 'blog-app',
  metadata: {}
}
{
  message: 'DB: DATABASE URL: mongodb://localhost:27017/blog-app-ts',
  level: 'info',
  timestamp: '2021-08-11T13:35:28.317Z',
  label: 'blog-app',
  metadata: {}
}
{
  message: 'INDEX: Database connection initialized.',
  level: 'info',
  timestamp: '2021-08-11T13:35:28.348Z',
  label: 'blog-app',
  metadata: {}
}
{
  message: 'INDEX: Server is running on port: 3000',
  level: 'info',
  timestamp: '2021-08-11T13:35:28.352Z',
  label: 'blog-app',
  metadata: {}
}
{
  message: 'DB: mongo db connection is established',
  level: 'info',
  timestamp: '2021-08-11T13:35:28.393Z',
  label: 'blog-app',
  metadata: {}
}
{
  message: 'DB: DATABASE URL: mongodb://localhost:27017/blog-app-ts',
  level: 'info',
  timestamp: '2021-08-11T13:37:29.792Z',
  label: 'blog-app',
  metadata: {}
}
{
  message: 'INDEX: Database connection initialized.',
  level: 'info',
  timestamp: '2021-08-11T13:37:29.846Z',
  label: 'blog-app',
  metadata: {}
}
{
  message: 'INDEX: Server is running on port: 3000',
  level: 'info',
  timestamp: '2021-08-11T13:37:29.856Z',
  label: 'blog-app',
  metadata: {}
}
{
  message: 'DB: mongo db connection is established',
  level: 'info',
  timestamp: '2021-08-11T13:37:29.915Z',
  label: 'blog-app',
  metadata: {}
}
{
  message: 'DB: DATABASE URL: mongodb://localhost:27017/blog-app-ts',
  level: 'info',
  timestamp: '2021-08-11T13:45:30.452Z',
  label: 'blog-app',
  metadata: {}
}
{
  message: 'INDEX: Database connection initialized.',
  level: 'info',
  timestamp: '2021-08-11T13:45:30.488Z',
  label: 'blog-app',
  metadata: {}
}
{
  message: 'INDEX: Server is running on port: 3000',
  level: 'info',
  timestamp: '2021-08-11T13:45:30.492Z',
  label: 'blog-app',
  metadata: {}
}
{
  message: 'DB: mongo db connection is established',
  level: 'info',
  timestamp: '2021-08-11T13:45:30.542Z',
  label: 'blog-app',
  metadata: {}
}
{
  message: 'DB: DATABASE URL: mongodb://localhost:27017/blog-app-ts',
  level: 'info',
  timestamp: '2021-08-11T13:47:00.363Z',
  label: 'blog-app',
  metadata: {}
}
{
  message: 'INDEX: Database connection initialized.',
  level: 'info',
  timestamp: '2021-08-11T13:47:00.412Z',
  label: 'blog-app',
  metadata: {}
}
{
  message: 'INDEX: Server is running on port: 3000',
  level: 'info',
  timestamp: '2021-08-11T13:47:00.417Z',
  label: 'blog-app',
  metadata: {}
}
{
  message: 'DB: mongo db connection is established',
  level: 'info',
  timestamp: '2021-08-11T13:47:00.467Z',
  label: 'blog-app',
  metadata: {}
}
{
  message: 'DB: DATABASE URL: mongodb://localhost:27017/blog-app-ts',
  level: 'info',
  timestamp: '2021-08-11T13:47:22.806Z',
  label: 'blog-app',
  metadata: {}
}
{
  message: 'INDEX: Database connection initialized.',
  level: 'info',
  timestamp: '2021-08-11T13:47:22.839Z',
  label: 'blog-app',
  metadata: {}
}
{
  message: 'INDEX: Server is running on port: 3000',
  level: 'info',
  timestamp: '2021-08-11T13:47:22.843Z',
  label: 'blog-app',
  metadata: {}
}
{
  message: 'DB: mongo db connection is established',
  level: 'info',
  timestamp: '2021-08-11T13:47:22.873Z',
  label: 'blog-app',
  metadata: {}
}
{
  message: 'DB: DATABASE URL: mongodb://localhost:27017/blog-app-ts',
  level: 'info',
  timestamp: '2021-08-12T05:46:12.037Z',
  label: 'blog-app',
  metadata: {}
}
{
  message: 'INDEX: Database connection initialized.',
  level: 'info',
  timestamp: '2021-08-12T05:46:12.069Z',
  label: 'blog-app',
  metadata: {}
}
{
  message: 'INDEX: Server is running on port: 3000',
  level: 'info',
  timestamp: '2021-08-12T05:46:12.073Z',
  label: 'blog-app',
  metadata: {}
}
{
  message: 'DB: mongo db connection is established',
  level: 'info',
  timestamp: '2021-08-12T05:46:12.100Z',
  label: 'blog-app',
  metadata: {}
}
{
  message: 'DB: DATABASE URL: mongodb://localhost:27017/blog-app-ts',
  level: 'info',
  timestamp: '2021-08-12T05:48:45.810Z',
  label: 'blog-app',
  metadata: {}
}
{
  message: 'INDEX: Database connection initialized.',
  level: 'info',
  timestamp: '2021-08-12T05:48:45.841Z',
  label: 'blog-app',
  metadata: {}
}
{
  message: 'INDEX: Server is running on port: 3000',
  level: 'info',
  timestamp: '2021-08-12T05:48:45.845Z',
  label: 'blog-app',
  metadata: {}
}
{
  message: 'DB: mongo db connection is established',
  level: 'info',
  timestamp: '2021-08-12T05:48:45.883Z',
  label: 'blog-app',
  metadata: {}
}
{
  message: 'storage.user.create: finished with error: MongoError: E11000 duplicate key error collection: blog-app-ts.users index: phone_1 dup key: { phone: 998934820012.0 }',
  level: 'error',
  timestamp: '2021-08-12T05:50:09.585Z',
  label: 'blog-app',
  metadata: {}
}
{
  message: 'DB: DATABASE URL: mongodb://localhost:27017/blog-app-ts',
  level: 'info',
  timestamp: '2021-08-12T05:51:58.904Z',
  label: 'blog-app',
  metadata: {}
}
{
  message: 'INDEX: Database connection initialized.',
  level: 'info',
  timestamp: '2021-08-12T05:51:58.935Z',
  label: 'blog-app',
  metadata: {}
}
{
  message: 'INDEX: Server is running on port: 3000',
  level: 'info',
  timestamp: '2021-08-12T05:51:58.939Z',
  label: 'blog-app',
  metadata: {}
}
{
  message: 'DB: mongo db connection is established',
  level: 'info',
  timestamp: '2021-08-12T05:51:58.972Z',
  label: 'blog-app',
  metadata: {}
}
{
  message: 'DB: DATABASE URL: mongodb://localhost:27017/blog-app-ts',
  level: 'info',
  timestamp: '2021-08-12T05:53:12.728Z',
  label: 'blog-app',
  metadata: {}
}
{
  message: 'INDEX: Database connection initialized.',
  level: 'info',
  timestamp: '2021-08-12T05:53:12.774Z',
  label: 'blog-app',
  metadata: {}
}
{
  message: 'INDEX: Server is running on port: 3000',
  level: 'info',
  timestamp: '2021-08-12T05:53:12.780Z',
  label: 'blog-app',
  metadata: {}
}
{
  message: 'DB: mongo db connection is established',
  level: 'info',
  timestamp: '2021-08-12T05:53:12.838Z',
  label: 'blog-app',
  metadata: {}
}
{
  message: 'DB: DATABASE URL: mongodb://localhost:27017/blog-app-ts',
  level: 'info',
  timestamp: '2021-08-12T05:53:32.174Z',
  label: 'blog-app',
  metadata: {}
}
{
  message: 'INDEX: Database connection initialized.',
  level: 'info',
  timestamp: '2021-08-12T05:53:32.206Z',
  label: 'blog-app',
  metadata: {}
}
{
  message: 'INDEX: Server is running on port: 3000',
  level: 'info',
  timestamp: '2021-08-12T05:53:32.210Z',
  label: 'blog-app',
  metadata: {}
}
{
  message: 'DB: mongo db connection is established',
  level: 'info',
  timestamp: '2021-08-12T05:53:32.249Z',
  label: 'blog-app',
  metadata: {}
}
{
  message: 'DB: DATABASE URL: mongodb://localhost:27017/blog-app-ts',
  level: 'info',
  timestamp: '2021-08-12T05:54:25.260Z',
  label: 'blog-app',
  metadata: {}
}
{
  message: 'INDEX: Database connection initialized.',
  level: 'info',
  timestamp: '2021-08-12T05:54:25.308Z',
  label: 'blog-app',
  metadata: {}
}
{
  message: 'INDEX: Server is running on port: 3000',
  level: 'info',
  timestamp: '2021-08-12T05:54:25.312Z',
  label: 'blog-app',
  metadata: {}
}
{
  message: 'DB: mongo db connection is established',
  level: 'info',
  timestamp: '2021-08-12T05:54:25.350Z',
  label: 'blog-app',
  metadata: {}
}
{
  message: 'DB: DATABASE URL: mongodb://localhost:27017/blog-app-ts',
  level: 'info',
  timestamp: '2021-08-12T05:55:21.485Z',
  label: 'blog-app',
  metadata: {}
}
{
  message: 'INDEX: Database connection initialized.',
  level: 'info',
  timestamp: '2021-08-12T05:55:21.516Z',
  label: 'blog-app',
  metadata: {}
}
{
  message: 'INDEX: Server is running on port: 3000',
  level: 'info',
  timestamp: '2021-08-12T05:55:21.519Z',
  label: 'blog-app',
  metadata: {}
}
{
  message: 'DB: mongo db connection is established',
  level: 'info',
  timestamp: '2021-08-12T05:55:21.553Z',
  label: 'blog-app',
  metadata: {}
}
{
  message: 'DB: DATABASE URL: mongodb://localhost:27017/blog-app-ts',
  level: 'info',
  timestamp: '2021-08-12T06:03:26.749Z',
  label: 'blog-app',
  metadata: {}
}
{
  message: 'INDEX: Database connection initialized.',
  level: 'info',
  timestamp: '2021-08-12T06:03:26.784Z',
  label: 'blog-app',
  metadata: {}
}
{
  message: 'INDEX: Server is running on port: 3000',
  level: 'info',
  timestamp: '2021-08-12T06:03:26.788Z',
  label: 'blog-app',
  metadata: {}
}
{
  message: 'DB: mongo db connection is established',
  level: 'info',
  timestamp: '2021-08-12T06:03:26.823Z',
  label: 'blog-app',
  metadata: {}
}
{
  message: 'DB: DATABASE URL: mongodb://localhost:27017/blog-app-ts',
  level: 'info',
  timestamp: '2021-08-12T06:04:41.204Z',
  label: 'blog-app',
  metadata: {}
}
{
  message: 'INDEX: Database connection initialized.',
  level: 'info',
  timestamp: '2021-08-12T06:04:41.251Z',
  label: 'blog-app',
  metadata: {}
}
{
  message: 'INDEX: Server is running on port: 3000',
  level: 'info',
  timestamp: '2021-08-12T06:04:41.255Z',
  label: 'blog-app',
  metadata: {}
}
{
  message: 'DB: mongo db connection is established',
  level: 'info',
  timestamp: '2021-08-12T06:04:41.305Z',
  label: 'blog-app',
  metadata: {}
}
{
  message: 'DB: DATABASE URL: mongodb://localhost:27017/blog-app-ts',
  level: 'info',
  timestamp: '2021-08-12T06:10:34.339Z',
  label: 'blog-app',
  metadata: {}
}
{
  message: 'INDEX: Database connection initialized.',
  level: 'info',
  timestamp: '2021-08-12T06:10:34.372Z',
  label: 'blog-app',
  metadata: {}
}
{
  message: 'INDEX: Server is running on port: 3000',
  level: 'info',
  timestamp: '2021-08-12T06:10:34.376Z',
  label: 'blog-app',
  metadata: {}
}
{
  message: 'DB: mongo db connection is established',
  level: 'info',
  timestamp: '2021-08-12T06:10:34.404Z',
  label: 'blog-app',
  metadata: {}
}
{
  message: 'DB: DATABASE URL: mongodb://localhost:27017/blog-app-ts',
  level: 'info',
  timestamp: '2021-08-12T06:11:49.550Z',
  label: 'blog-app',
  metadata: {}
}
{
  message: 'INDEX: Database connection initialized.',
  level: 'info',
  timestamp: '2021-08-12T06:11:49.582Z',
  label: 'blog-app',
  metadata: {}
}
{
  message: 'INDEX: Server is running on port: 3000',
  level: 'info',
  timestamp: '2021-08-12T06:11:49.585Z',
  label: 'blog-app',
  metadata: {}
}
{
  message: 'DB: mongo db connection is established',
  level: 'info',
  timestamp: '2021-08-12T06:11:49.617Z',
  label: 'blog-app',
  metadata: {}
}
{
  message: 'DB: DATABASE URL: mongodb://localhost:27017/blog-app-ts',
  level: 'info',
  timestamp: '2021-08-12T06:19:52.704Z',
  label: 'blog-app',
  metadata: {}
}
{
  message: 'INDEX: Database connection initialized.',
  level: 'info',
  timestamp: '2021-08-12T06:19:52.736Z',
  label: 'blog-app',
  metadata: {}
}
{
  message: 'INDEX: Server is running on port: 3000',
  level: 'info',
  timestamp: '2021-08-12T06:19:52.740Z',
  label: 'blog-app',
  metadata: {}
}
{
  message: 'DB: mongo db connection is established',
  level: 'info',
  timestamp: '2021-08-12T06:19:52.775Z',
  label: 'blog-app',
  metadata: {}
}
{
  message: 'DB: DATABASE URL: mongodb://localhost:27017/blog-app-ts',
  level: 'info',
  timestamp: '2021-08-12T06:30:23.671Z',
  label: 'blog-app',
  metadata: {}
}
{
  message: 'INDEX: Database connection initialized.',
  level: 'info',
  timestamp: '2021-08-12T06:30:23.703Z',
  label: 'blog-app',
  metadata: {}
}
{
  message: 'INDEX: Server is running on port: 3000',
  level: 'info',
  timestamp: '2021-08-12T06:30:23.707Z',
  label: 'blog-app',
  metadata: {}
}
{
  message: 'DB: mongo db connection is established',
  level: 'info',
  timestamp: '2021-08-12T06:30:23.742Z',
  label: 'blog-app',
  metadata: {}
}
{
  message: 'DB: DATABASE URL: mongodb://localhost:27017/blog-app-ts',
  level: 'info',
  timestamp: '2021-08-12T06:35:50.710Z',
  label: 'blog-app',
  metadata: {}
}
{
  message: 'INDEX: Database connection initialized.',
  level: 'info',
  timestamp: '2021-08-12T06:35:50.744Z',
  label: 'blog-app',
  metadata: {}
}
{
  message: 'INDEX: Server is running on port: 3000',
  level: 'info',
  timestamp: '2021-08-12T06:35:50.748Z',
  label: 'blog-app',
  metadata: {}
}
{
  message: 'DB: mongo db connection is established',
  level: 'info',
  timestamp: '2021-08-12T06:35:50.781Z',
  label: 'blog-app',
  metadata: {}
}
{
  message: 'DB: DATABASE URL: mongodb://localhost:27017/blog-app-ts',
  level: 'info',
  timestamp: '2021-08-12T06:38:23.388Z',
  label: 'blog-app',
  metadata: {}
}
{
  message: 'INDEX: Database connection initialized.',
  level: 'info',
  timestamp: '2021-08-12T06:38:23.423Z',
  label: 'blog-app',
  metadata: {}
}
{
  message: 'INDEX: Server is running on port: 3000',
  level: 'info',
  timestamp: '2021-08-12T06:38:23.426Z',
  label: 'blog-app',
  metadata: {}
}
{
  message: 'DB: mongo db connection is established',
  level: 'info',
  timestamp: '2021-08-12T06:38:23.455Z',
  label: 'blog-app',
  metadata: {}
}
{
  message: 'DB: DATABASE URL: mongodb://localhost:27017/blog-app-ts',
  level: 'info',
  timestamp: '2021-08-12T06:41:51.952Z',
  label: 'blog-app',
  metadata: {}
}
{
  message: 'INDEX: Database connection initialized.',
  level: 'info',
  timestamp: '2021-08-12T06:41:51.985Z',
  label: 'blog-app',
  metadata: {}
}
{
  message: 'INDEX: Server is running on port: 3000',
  level: 'info',
  timestamp: '2021-08-12T06:41:51.989Z',
  label: 'blog-app',
  metadata: {}
}
{
  message: 'DB: mongo db connection is established',
  level: 'info',
  timestamp: '2021-08-12T06:41:52.024Z',
  label: 'blog-app',
  metadata: {}
}
{
  message: 'DB: DATABASE URL: mongodb://localhost:27017/blog-app-ts',
  level: 'info',
  timestamp: '2021-08-12T06:42:39.528Z',
  label: 'blog-app',
  metadata: {}
}
{
  message: 'INDEX: Database connection initialized.',
  level: 'info',
  timestamp: '2021-08-12T06:42:39.560Z',
  label: 'blog-app',
  metadata: {}
}
{
  message: 'INDEX: Server is running on port: 3000',
  level: 'info',
  timestamp: '2021-08-12T06:42:39.564Z',
  label: 'blog-app',
  metadata: {}
}
{
  message: 'DB: mongo db connection is established',
  level: 'info',
  timestamp: '2021-08-12T06:42:39.598Z',
  label: 'blog-app',
  metadata: {}
}
{
  message: 'DB: DATABASE URL: mongodb://localhost:27017/blog-app-ts',
  level: 'info',
  timestamp: '2021-08-12T06:46:06.083Z',
  label: 'blog-app',
  metadata: {}
}
{
  message: 'INDEX: Database connection initialized.',
  level: 'info',
  timestamp: '2021-08-12T06:46:06.118Z',
  label: 'blog-app',
  metadata: {}
}
{
  message: 'INDEX: Server is running on port: 3000',
  level: 'info',
  timestamp: '2021-08-12T06:46:06.122Z',
  label: 'blog-app',
  metadata: {}
}
{
  message: 'DB: mongo db connection is established',
  level: 'info',
  timestamp: '2021-08-12T06:46:06.165Z',
  label: 'blog-app',
  metadata: {}
}
{
  message: 'DB: DATABASE URL: mongodb://localhost:27017/blog-app-ts',
  level: 'info',
  timestamp: '2021-08-12T06:47:42.085Z',
  label: 'blog-app',
  metadata: {}
}
{
  message: 'INDEX: Database connection initialized.',
  level: 'info',
  timestamp: '2021-08-12T06:47:42.123Z',
  label: 'blog-app',
  metadata: {}
}
{
  message: 'INDEX: Server is running on port: 3000',
  level: 'info',
  timestamp: '2021-08-12T06:47:42.127Z',
  label: 'blog-app',
  metadata: {}
}
{
  message: 'DB: mongo db connection is established',
  level: 'info',
  timestamp: '2021-08-12T06:47:42.162Z',
  label: 'blog-app',
  metadata: {}
}
{
  message: 'DB: DATABASE URL: mongodb://localhost:27017/blog-app-ts',
  level: 'info',
  timestamp: '2021-08-12T06:49:31.354Z',
  label: 'blog-app',
  metadata: {}
}
{
  message: 'INDEX: Database connection initialized.',
  level: 'info',
  timestamp: '2021-08-12T06:49:31.391Z',
  label: 'blog-app',
  metadata: {}
}
{
  message: 'INDEX: Server is running on port: 3000',
  level: 'info',
  timestamp: '2021-08-12T06:49:31.397Z',
  label: 'blog-app',
  metadata: {}
}
{
  message: 'DB: mongo db connection is established',
  level: 'info',
  timestamp: '2021-08-12T06:49:31.433Z',
  label: 'blog-app',
  metadata: {}
}
{
  message: 'DB: DATABASE URL: mongodb://localhost:27017/blog-app-ts',
  level: 'info',
  timestamp: '2021-08-12T06:50:46.567Z',
  label: 'blog-app',
  metadata: {}
}
{
  message: 'INDEX: Database connection initialized.',
  level: 'info',
  timestamp: '2021-08-12T06:50:46.607Z',
  label: 'blog-app',
  metadata: {}
}
{
  message: 'INDEX: Server is running on port: 3000',
  level: 'info',
  timestamp: '2021-08-12T06:50:46.612Z',
  label: 'blog-app',
  metadata: {}
}
{
  message: 'DB: mongo db connection is established',
  level: 'info',
  timestamp: '2021-08-12T06:50:46.641Z',
  label: 'blog-app',
  metadata: {}
}
{
  message: 'DB: DATABASE URL: mongodb://localhost:27017/blog-app-ts',
  level: 'info',
  timestamp: '2021-08-12T06:51:06.976Z',
  label: 'blog-app',
  metadata: {}
}
{
  message: 'INDEX: Database connection initialized.',
  level: 'info',
  timestamp: '2021-08-12T06:51:07.039Z',
  label: 'blog-app',
  metadata: {}
}
{
  message: 'INDEX: Server is running on port: 3000',
  level: 'info',
  timestamp: '2021-08-12T06:51:07.046Z',
  label: 'blog-app',
  metadata: {}
}
{
  message: 'DB: mongo db connection is established',
  level: 'info',
  timestamp: '2021-08-12T06:51:07.089Z',
  label: 'blog-app',
  metadata: {}
}
{
  message: 'DB: DATABASE URL: mongodb://localhost:27017/blog-app-ts',
  level: 'info',
  timestamp: '2021-08-12T06:53:50.579Z',
  label: 'blog-app',
  metadata: {}
}
{
  message: 'INDEX: Database connection initialized.',
  level: 'info',
  timestamp: '2021-08-12T06:53:50.636Z',
  label: 'blog-app',
  metadata: {}
}
{
  message: 'INDEX: Server is running on port: 3000',
  level: 'info',
  timestamp: '2021-08-12T06:53:50.645Z',
  label: 'blog-app',
  metadata: {}
}
{
  message: 'DB: mongo db connection is established',
  level: 'info',
  timestamp: '2021-08-12T06:53:50.700Z',
  label: 'blog-app',
  metadata: {}
}
{
  message: 'DB: DATABASE URL: mongodb://localhost:27017/blog-app-ts',
  level: 'info',
  timestamp: '2021-08-12T06:56:24.436Z',
  label: 'blog-app',
  metadata: {}
}
{
  message: 'INDEX: Database connection initialized.',
  level: 'info',
  timestamp: '2021-08-12T06:56:24.473Z',
  label: 'blog-app',
  metadata: {}
}
{
  message: 'INDEX: Server is running on port: 3000',
  level: 'info',
  timestamp: '2021-08-12T06:56:24.477Z',
  label: 'blog-app',
  metadata: {}
}
{
  message: 'DB: mongo db connection is established',
  level: 'info',
  timestamp: '2021-08-12T06:56:24.507Z',
  label: 'blog-app',
  metadata: {}
}
{
  message: 'DB: DATABASE URL: mongodb://localhost:27017/blog-app-ts',
  level: 'info',
  timestamp: '2021-08-12T06:58:17.718Z',
  label: 'blog-app',
  metadata: {}
}
{
  message: 'INDEX: Database connection initialized.',
  level: 'info',
  timestamp: '2021-08-12T06:58:17.756Z',
  label: 'blog-app',
  metadata: {}
}
{
  message: 'INDEX: Server is running on port: 3000',
  level: 'info',
  timestamp: '2021-08-12T06:58:17.760Z',
  label: 'blog-app',
  metadata: {}
}
{
  message: 'DB: mongo db connection is established',
  level: 'info',
  timestamp: '2021-08-12T06:58:17.790Z',
  label: 'blog-app',
  metadata: {}
}
{
  message: 'DB: DATABASE URL: mongodb://localhost:27017/blog-app-ts',
  level: 'info',
  timestamp: '2021-08-12T06:59:21.720Z',
  label: 'blog-app',
  metadata: {}
}
{
  message: 'INDEX: Database connection initialized.',
  level: 'info',
  timestamp: '2021-08-12T06:59:21.755Z',
  label: 'blog-app',
  metadata: {}
}
{
  message: 'INDEX: Server is running on port: 3000',
  level: 'info',
  timestamp: '2021-08-12T06:59:21.759Z',
  label: 'blog-app',
  metadata: {}
}
{
  message: 'DB: mongo db connection is established',
  level: 'info',
  timestamp: '2021-08-12T06:59:21.793Z',
  label: 'blog-app',
  metadata: {}
}
{
  message: 'storage.user.findOne: finished with error: ObjectParameterError: Parameter "filter" to findOne() must be an object, got 998934820012',
  level: 'error',
  timestamp: '2021-08-12T06:59:29.963Z',
  label: 'blog-app',
  metadata: {}
}
{
  message: 'storage.user.findOne: finished with error: ObjectParameterError: Parameter "filter" to findOne() must be an object, got 998934820012',
  level: 'error',
  timestamp: '2021-08-12T06:59:33.712Z',
  label: 'blog-app',
  metadata: {}
}
{
  message: 'storage.user.findOne: finished with error: ObjectParameterError: Parameter "filter" to findOne() must be an object, got 998934820012',
  level: 'error',
  timestamp: '2021-08-12T06:59:34.530Z',
  label: 'blog-app',
  metadata: {}
}
{
  message: 'DB: DATABASE URL: mongodb://localhost:27017/blog-app-ts',
  level: 'info',
  timestamp: '2021-08-12T07:00:32.289Z',
  label: 'blog-app',
  metadata: {}
}
{
  message: 'INDEX: Database connection initialized.',
  level: 'info',
  timestamp: '2021-08-12T07:00:32.323Z',
  label: 'blog-app',
  metadata: {}
}
{
  message: 'INDEX: Server is running on port: 3000',
  level: 'info',
  timestamp: '2021-08-12T07:00:32.326Z',
  label: 'blog-app',
  metadata: {}
}
{
  message: 'DB: mongo db connection is established',
  level: 'info',
  timestamp: '2021-08-12T07:00:32.357Z',
  label: 'blog-app',
  metadata: {}
}
{
  message: 'DB: DATABASE URL: mongodb://localhost:27017/blog-app-ts',
  level: 'info',
  timestamp: '2021-08-12T10:11:05.982Z',
  label: 'blog-app',
  metadata: {}
}
{
  message: 'INDEX: Database connection initialized.',
  level: 'info',
  timestamp: '2021-08-12T10:11:06.014Z',
  label: 'blog-app',
  metadata: {}
}
{
  message: 'INDEX: Server is running on port: 3000',
  level: 'info',
  timestamp: '2021-08-12T10:11:06.018Z',
  label: 'blog-app',
  metadata: {}
}
{
  message: 'DB: mongo db connection is established',
  level: 'info',
  timestamp: '2021-08-12T10:11:06.066Z',
  label: 'blog-app',
  metadata: {}
}
{
  message: 'storage.post.create: finished with error: ValidationError: author: Path `author` is required., rating: Path `rating` (5000) is more than maximum allowed value (5).',
  level: 'error',
  timestamp: '2021-08-12T10:14:35.429Z',
  label: 'blog-app',
  metadata: {}
}
{
  message: 'DB: DATABASE URL: mongodb://localhost:27017/blog-app-ts',
  level: 'info',
  timestamp: '2021-08-12T10:21:04.666Z',
  label: 'blog-app',
  metadata: {}
}
{
  message: 'INDEX: Database connection initialized.',
  level: 'info',
  timestamp: '2021-08-12T10:21:04.699Z',
  label: 'blog-app',
  metadata: {}
}
{
  message: 'INDEX: Server is running on port: 3000',
  level: 'info',
  timestamp: '2021-08-12T10:21:04.703Z',
  label: 'blog-app',
  metadata: {}
}
{
  message: 'DB: mongo db connection is established',
  level: 'info',
  timestamp: '2021-08-12T10:21:04.733Z',
  label: 'blog-app',
  metadata: {}
}
{
  message: 'DB: DATABASE URL: mongodb://localhost:27017/blog-app-ts',
  level: 'info',
  timestamp: '2021-08-12T10:21:54.065Z',
  label: 'blog-app',
  metadata: {}
}
{
  message: 'INDEX: Database connection initialized.',
  level: 'info',
  timestamp: '2021-08-12T10:21:54.100Z',
  label: 'blog-app',
  metadata: {}
}
{
  message: 'INDEX: Server is running on port: 3000',
  level: 'info',
  timestamp: '2021-08-12T10:21:54.104Z',
  label: 'blog-app',
  metadata: {}
}
{
  message: 'DB: mongo db connection is established',
  level: 'info',
  timestamp: '2021-08-12T10:21:54.167Z',
  label: 'blog-app',
  metadata: {}
}
{
  message: 'DB: DATABASE URL: mongodb://localhost:27017/blog-app-ts',
  level: 'info',
  timestamp: '2021-08-12T10:24:39.643Z',
  label: 'blog-app',
  metadata: {}
}
{
  message: 'INDEX: Database connection initialized.',
  level: 'info',
  timestamp: '2021-08-12T10:24:39.680Z',
  label: 'blog-app',
  metadata: {}
}
{
  message: 'INDEX: Server is running on port: 3000',
  level: 'info',
  timestamp: '2021-08-12T10:24:39.686Z',
  label: 'blog-app',
  metadata: {}
}
{
  message: 'DB: mongo db connection is established',
  level: 'info',
  timestamp: '2021-08-12T10:24:39.742Z',
  label: 'blog-app',
  metadata: {}
}
{
  message: 'DB: DATABASE URL: mongodb://localhost:27017/blog-app-ts',
  level: 'info',
  timestamp: '2021-08-12T10:27:18.595Z',
  label: 'blog-app',
  metadata: {}
}
{
  message: 'INDEX: Database connection initialized.',
  level: 'info',
  timestamp: '2021-08-12T10:27:18.630Z',
  label: 'blog-app',
  metadata: {}
}
{
  message: 'INDEX: Server is running on port: 3000',
  level: 'info',
  timestamp: '2021-08-12T10:27:18.634Z',
  label: 'blog-app',
  metadata: {}
}
{
  message: 'DB: mongo db connection is established',
  level: 'info',
  timestamp: '2021-08-12T10:27:18.671Z',
  label: 'blog-app',
  metadata: {}
}
{
  message: 'storage.post.create: finished with error: ValidationError: rating: Path `rating` (5000) is more than maximum allowed value (5).',
  level: 'error',
  timestamp: '2021-08-12T10:27:22.639Z',
  label: 'blog-app',
  metadata: {}
}
